[debug] [2023-09-24T18:21:05.864Z] ----------------------------------------------------------------------
[debug] [2023-09-24T18:21:05.866Z] Command:       C:\Program Files\nodejs\node.exe C:\Users\ha458\AppData\Roaming\npm\node_modules\firebase-tools\lib\bin\firebase.js deploy
[debug] [2023-09-24T18:21:05.867Z] CLI Version:   12.5.4
[debug] [2023-09-24T18:21:05.867Z] Platform:      win32
[debug] [2023-09-24T18:21:05.867Z] Node Version:  v18.17.1
[debug] [2023-09-24T18:21:05.869Z] Time:          Sun Sep 24 2023 23:21:05 GMT+0500 (Pakistan Standard Time)
[debug] [2023-09-24T18:21:05.869Z] ----------------------------------------------------------------------
[debug] 
[debug] [2023-09-24T18:21:05.949Z] > command requires scopes: ["email","openid","https://www.googleapis.com/auth/cloudplatformprojects.readonly","https://www.googleapis.com/auth/firebase","https://www.googleapis.com/auth/cloud-platform"]
[debug] [2023-09-24T18:21:05.950Z] > authorizing via signed-in user (ha4587323@gmail.com)
[debug] [2023-09-24T18:21:05.950Z] [iam] checking project ali-huzaifa-portfolio for permissions ["firebase.projects.get","firebasehosting.sites.update"]
[debug] [2023-09-24T18:21:05.952Z] >>> [apiv2][query] POST https://cloudresourcemanager.googleapis.com/v1/projects/ali-huzaifa-portfolio:testIamPermissions [none]
[debug] [2023-09-24T18:21:05.952Z] >>> [apiv2][(partial)header] POST https://cloudresourcemanager.googleapis.com/v1/projects/ali-huzaifa-portfolio:testIamPermissions x-goog-quota-user=projects/ali-huzaifa-portfolio
[debug] [2023-09-24T18:21:05.952Z] >>> [apiv2][body] POST https://cloudresourcemanager.googleapis.com/v1/projects/ali-huzaifa-portfolio:testIamPermissions {"permissions":["firebase.projects.get","firebasehosting.sites.update"]}
[debug] [2023-09-24T18:21:07.578Z] <<< [apiv2][status] POST https://cloudresourcemanager.googleapis.com/v1/projects/ali-huzaifa-portfolio:testIamPermissions 200
[debug] [2023-09-24T18:21:07.579Z] <<< [apiv2][body] POST https://cloudresourcemanager.googleapis.com/v1/projects/ali-huzaifa-portfolio:testIamPermissions {"permissions":["firebase.projects.get","firebasehosting.sites.update"]}
[debug] [2023-09-24T18:21:07.580Z] >>> [apiv2][query] GET https://firebase.googleapis.com/v1beta1/projects/ali-huzaifa-portfolio [none]
[debug] [2023-09-24T18:21:08.287Z] <<< [apiv2][status] GET https://firebase.googleapis.com/v1beta1/projects/ali-huzaifa-portfolio 200
[debug] [2023-09-24T18:21:08.287Z] <<< [apiv2][body] GET https://firebase.googleapis.com/v1beta1/projects/ali-huzaifa-portfolio {"projectId":"ali-huzaifa-portfolio","projectNumber":"231755642369","displayName":"portfolio","name":"projects/ali-huzaifa-portfolio","resources":{"hostingSite":"ali-huzaifa-portfolio"},"state":"ACTIVE","etag":"1_5372fc0a-a22d-4bf9-b1f1-affb8f7039d2"}
[info] 
[info] === Deploying to 'ali-huzaifa-portfolio'...
[info] 
[info] i  deploying hosting 
[debug] [2023-09-24T18:21:08.293Z] >>> [apiv2][query] POST https://firebasehosting.googleapis.com/v1beta1/projects/-/sites/ali-huzaifa-portfolio/versions [none]
[debug] [2023-09-24T18:21:08.293Z] >>> [apiv2][body] POST https://firebasehosting.googleapis.com/v1beta1/projects/-/sites/ali-huzaifa-portfolio/versions {"status":"CREATED","labels":{"deployment-tool":"cli-firebase"}}
[debug] [2023-09-24T18:21:10.273Z] <<< [apiv2][status] POST https://firebasehosting.googleapis.com/v1beta1/projects/-/sites/ali-huzaifa-portfolio/versions 200
[debug] [2023-09-24T18:21:10.273Z] <<< [apiv2][body] POST https://firebasehosting.googleapis.com/v1beta1/projects/-/sites/ali-huzaifa-portfolio/versions {"name":"projects/231755642369/sites/ali-huzaifa-portfolio/versions/713287da8a5fc4fe","status":"CREATED","config":{},"labels":{"deployment-tool":"cli-firebase"}}
[info] i  hosting[ali-huzaifa-portfolio]: beginning deploy... 
[info] i  hosting[ali-huzaifa-portfolio]: found 24 files in build 
[debug] [2023-09-24T18:21:10.287Z] [hosting] uploading with 200 concurrency
[debug] [2023-09-24T18:21:11.016Z] [hosting] hash cache [YnVpbGQ] stored for 24 files
[debug] [2023-09-24T18:21:11.017Z] [hosting][hash queue][FINAL] {"max":720,"min":4,"avg":48.708333333333336,"active":0,"complete":24,"success":24,"errored":0,"retried":0,"total":24,"elapsed":728}
[debug] [2023-09-24T18:21:11.017Z] >>> [apiv2][query] POST https://firebasehosting.googleapis.com/v1beta1/projects/231755642369/sites/ali-huzaifa-portfolio/versions/713287da8a5fc4fe:populateFiles [none]
[debug] [2023-09-24T18:21:11.017Z] >>> [apiv2][body] POST https://firebasehosting.googleapis.com/v1beta1/projects/231755642369/sites/ali-huzaifa-portfolio/versions/713287da8a5fc4fe:populateFiles {"files":{"/favicon.ico":"eae62e993eb980ec8a25058c39d5a51feab118bd2100c4deebb2a9c158ec11f9","/logo.png":"f0efc71f0063143577293d5e309ed85a539bb3c61aa0bf0487b790ed915b439c","/logo192.png":"3ee59515172ee198f3be375979df15ac5345183e656720a381b8872b2a39dc8b","/logo512.png":"ee7e2f3fdb8209c4b6fd7bef6ba50d1b9dba30a25bb5c3126df057e1cb6f5331","/manifest.json":"5c997de1364b8be939319fa9209abd77f2caf7f8844999a9e2e9173f844e7840","/robots.txt":"b2090cf9761ef60aa06e4fab97679bd43dfa5e5df073701ead5879d7c68f1ec5","/robot_playground.glb":"868a1c3673e7f23a7e5d01d34cb72d93955ee4084648d89c09718fd7daf4fe72","/asset-manifest.json":"69bb0bdf8077958403ab32c9f3accab3c3f44060dc53b06f28940bc03acda968","/index.html":"f4f49d9003b2ecb8e3f4c402ad01c6b1494db36c67e79d14982c9711f934a03a","/static/css/main.0e2ee55e.css":"5fbda6769d16237a43ca49043ac3009ed51f93bb603e045be0f12915a24563f0","/static/js/main.c68c3a3e.js.LICENSE.txt":"eeb702c178332885603902bab2d706a558d6b621f2a88195f0fef4c0eb7222ca","/static/js/787.fb771931.chunk.js":"87bd0db3718fb704e28a07d511c30950b2dc5bacd4b52f029551ba113a05bb32","/static/css/main.0e2ee55e.css.map":"583823a854de1d5c373b0fcd30f278035c4afaf112ac752f2d3f2a2ac7f7d611","/static/js/787.fb771931.chunk.js.map":"8fb2ee34caaf4ac2da62b5c086ccdd200fb04f7d054a601b5521a3aaaadd9cfa","/static/media/scroll_to_top.39e1a9569d1d2f90ca80.png":"5ad37b3030948e96abbc378a16c3a843a5038382110d08e57b8e889888b816f3","/static/media/iti.543681d42099ae352ac0.png":"fed948e751855e057ec751094e7c82aabe3d3e932950cf54b61d97d3959ee32b","/static/media/alihuzaifa.9eb6e2c45d64100e00b6.pdf":"62700965cc17aee8843a16c90374eed70a55c59b2b7802f9060a92b39d29cb1f","/static/media/shopeasy.943aeacc7b51cd3926ec.jpeg":"e09bc0cfa74f529f2a6ec3395c0cdec08f802cc8ff2a4fe636670821540136ac","/static/media/image.91e6e55a25f17d7ab6c3.png":"caf7f42467f573fc35e00d07c3686e7f4dd599dd9681a98d98eb026c01b310f6","/static/media/zainfitness.cb9f7d94fb439e0fa00f.png":"54b191c23d9c55026aee0ef96c46c4cfb6aebc830b36485cbc3c2d21bdeb135a","/static/media/galaxymart.a1bc1ed2304d4d7e573f.png":"3696ef2131e7166dc06578e7c367ed176033c91300cdcf9d6800d67db4011894","/static/media/takeaway.c48b1b2a2bc2431cb7c1.png":"ceda665bb6b93470e0e07695463501c82b9c129d422cd5a586341e14f6f4bf75","/static/js/main.c68c3a3e.js":"2815744219c54bef4b8f8e8fc19a9e82834d7c027fbb70ad65e1513cedb3d38d","/static/js/main.c68c3a3e.js.map":"5350107a04515c53602b8bfdf1b5bf00e5efe5019c67207d9a48b4da7bc9701c"}}
[debug] [2023-09-24T18:21:12.892Z] <<< [apiv2][status] POST https://firebasehosting.googleapis.com/v1beta1/projects/231755642369/sites/ali-huzaifa-portfolio/versions/713287da8a5fc4fe:populateFiles 200
[debug] [2023-09-24T18:21:12.892Z] <<< [apiv2][body] POST https://firebasehosting.googleapis.com/v1beta1/projects/231755642369/sites/ali-huzaifa-portfolio/versions/713287da8a5fc4fe:populateFiles {"uploadRequiredHashes":["2815744219c54bef4b8f8e8fc19a9e82834d7c027fbb70ad65e1513cedb3d38d","5350107a04515c53602b8bfdf1b5bf00e5efe5019c67207d9a48b4da7bc9701c","69bb0bdf8077958403ab32c9f3accab3c3f44060dc53b06f28940bc03acda968","f4f49d9003b2ecb8e3f4c402ad01c6b1494db36c67e79d14982c9711f934a03a"],"uploadUrl":"https://upload-firebasehosting.googleapis.com/upload/sites/ali-huzaifa-portfolio/versions/713287da8a5fc4fe/files"}
[debug] [2023-09-24T18:21:12.893Z] >>> [apiv2][query] POST https://upload-firebasehosting.googleapis.com/upload/sites/ali-huzaifa-portfolio/versions/713287da8a5fc4fe/files/2815744219c54bef4b8f8e8fc19a9e82834d7c027fbb70ad65e1513cedb3d38d [none]
[debug] [2023-09-24T18:21:12.893Z] >>> [apiv2][body] POST https://upload-firebasehosting.googleapis.com/upload/sites/ali-huzaifa-portfolio/versions/713287da8a5fc4fe/files/2815744219c54bef4b8f8e8fc19a9e82834d7c027fbb70ad65e1513cedb3d38d [stream]
[debug] [2023-09-24T18:21:12.894Z] >>> [apiv2][query] POST https://upload-firebasehosting.googleapis.com/upload/sites/ali-huzaifa-portfolio/versions/713287da8a5fc4fe/files/5350107a04515c53602b8bfdf1b5bf00e5efe5019c67207d9a48b4da7bc9701c [none]
[debug] [2023-09-24T18:21:12.895Z] >>> [apiv2][body] POST https://upload-firebasehosting.googleapis.com/upload/sites/ali-huzaifa-portfolio/versions/713287da8a5fc4fe/files/5350107a04515c53602b8bfdf1b5bf00e5efe5019c67207d9a48b4da7bc9701c [stream]
[debug] [2023-09-24T18:21:12.896Z] >>> [apiv2][query] POST https://upload-firebasehosting.googleapis.com/upload/sites/ali-huzaifa-portfolio/versions/713287da8a5fc4fe/files/69bb0bdf8077958403ab32c9f3accab3c3f44060dc53b06f28940bc03acda968 [none]
[debug] [2023-09-24T18:21:12.896Z] >>> [apiv2][body] POST https://upload-firebasehosting.googleapis.com/upload/sites/ali-huzaifa-portfolio/versions/713287da8a5fc4fe/files/69bb0bdf8077958403ab32c9f3accab3c3f44060dc53b06f28940bc03acda968 [stream]
[debug] [2023-09-24T18:21:12.897Z] >>> [apiv2][query] POST https://upload-firebasehosting.googleapis.com/upload/sites/ali-huzaifa-portfolio/versions/713287da8a5fc4fe/files/f4f49d9003b2ecb8e3f4c402ad01c6b1494db36c67e79d14982c9711f934a03a [none]
[debug] [2023-09-24T18:21:12.897Z] >>> [apiv2][body] POST https://upload-firebasehosting.googleapis.com/upload/sites/ali-huzaifa-portfolio/versions/713287da8a5fc4fe/files/f4f49d9003b2ecb8e3f4c402ad01c6b1494db36c67e79d14982c9711f934a03a [stream]
[debug] [2023-09-24T18:21:12.898Z] [hosting][populate queue][FINAL] {"max":1880,"min":1880,"avg":1880,"active":0,"complete":1,"success":1,"errored":0,"retried":0,"total":1,"elapsed":1885}
[debug] [2023-09-24T18:21:12.898Z] [hosting] uploads queued: 4
[debug] [2023-09-24T18:21:14.048Z] <<< [apiv2][status] POST https://upload-firebasehosting.googleapis.com/upload/sites/ali-huzaifa-portfolio/versions/713287da8a5fc4fe/files/69bb0bdf8077958403ab32c9f3accab3c3f44060dc53b06f28940bc03acda968 200
[debug] [2023-09-24T18:21:14.048Z] <<< [apiv2][body] POST https://upload-firebasehosting.googleapis.com/upload/sites/ali-huzaifa-portfolio/versions/713287da8a5fc4fe/files/69bb0bdf8077958403ab32c9f3accab3c3f44060dc53b06f28940bc03acda968 [stream]
[debug] [2023-09-24T18:21:14.331Z] <<< [apiv2][status] POST https://upload-firebasehosting.googleapis.com/upload/sites/ali-huzaifa-portfolio/versions/713287da8a5fc4fe/files/f4f49d9003b2ecb8e3f4c402ad01c6b1494db36c67e79d14982c9711f934a03a 200
[debug] [2023-09-24T18:21:14.331Z] <<< [apiv2][body] POST https://upload-firebasehosting.googleapis.com/upload/sites/ali-huzaifa-portfolio/versions/713287da8a5fc4fe/files/f4f49d9003b2ecb8e3f4c402ad01c6b1494db36c67e79d14982c9711f934a03a [stream]
[debug] [2023-09-24T18:21:14.741Z] <<< [apiv2][status] POST https://upload-firebasehosting.googleapis.com/upload/sites/ali-huzaifa-portfolio/versions/713287da8a5fc4fe/files/2815744219c54bef4b8f8e8fc19a9e82834d7c027fbb70ad65e1513cedb3d38d 200
[debug] [2023-09-24T18:21:14.741Z] <<< [apiv2][body] POST https://upload-firebasehosting.googleapis.com/upload/sites/ali-huzaifa-portfolio/versions/713287da8a5fc4fe/files/2815744219c54bef4b8f8e8fc19a9e82834d7c027fbb70ad65e1513cedb3d38d [stream]
